<?xml version="1.0" encoding="UTF-8"?>
<!-- Generated by org.testng.reporters.JUnitXMLReporter -->
<testsuite ignored="1" hostname="DESKTOP-T78C1PS" failures="0" tests="4" name="Car loan" time="0.107" errors="0" timestamp="2025-12-23T19:18:33 IST">
  <testcase classname="Tests.day4" name="MobileSignINCarloan" time="0.003"/>
  <testcase classname="Tests.day4" name="MobileSignoutCarloan" time="0.005"/>
  <testcase classname="Tests.day4" name="MobilelogingCarloan" time="0.006"/>
  <testcase classname="Tests.day4" name="weblogingCarloan" time="0.004"/>
  <testcase classname="Tests.day4" name="APIlogingCarloan" time="0.0">
    <ignored/>
  </testcase> <!-- APIlogingCarloan -->
</testsuite> <!-- Car loan -->
