<?xml version="1.0" encoding="UTF-8"?>
<!-- Generated by org.testng.reporters.JUnitXMLReporter -->
<testsuite ignored="1" hostname="DESKTOP-T78C1PS" failures="0" tests="5" name="Personal Loan" time="0.13" errors="0" timestamp="2025-12-23T18:33:16 IST">
  <testcase classname="Tests.day1" name="demo" time="0.017"/>
  <testcase classname="Tests.day2" name="ploan" time="0.004"/>
  <testcase classname="Tests.day3" name="APIlogingHomeloan" time="0.004"/>
  <testcase classname="Tests.day3" name="MobilelogingHomeloan" time="0.004"/>
  <testcase classname="Tests.day3" name="webloginHomeloan" time="0.002"/>
  <testcase classname="Tests.day1" name="secondTestcases" time="0.0">
    <ignored/>
  </testcase> <!-- secondTestcases -->
</testsuite> <!-- Personal Loan -->
