<?xml version="1.0" encoding="UTF-8"?>
<!-- Generated by org.testng.reporters.JUnitXMLReporter -->
<testsuite ignored="3" hostname="DESKTOP-T78C1PS" failures="0" tests="9" name="Regression" time="0.254" errors="0" timestamp="2025-12-23T21:53:25 IST">
  <testcase classname="Tests.day1" name="demo" time="0.014"/>
  <testcase classname="Tests.day1" name="secondTestcases" time="0.007"/>
  <testcase classname="Tests.day3" name="MobilelogingHomeloan" time="0.003"/>
  <testcase classname="Tests.day3" name="webloginHomeloan" time="0.008"/>
  <testcase classname="Tests.day3" name="APIlogingHomeloan" time="0.004"/>
  <testcase classname="Tests.day4" name="APIlogingCarloan" time="0.008"/>
  <testcase classname="Tests.day4" name="MobileSignINCarloan" time="0.011"/>
  <testcase classname="Tests.day4" name="MobileSignoutCarloan" time="0.003"/>
  <testcase classname="Tests.day4" name="weblogingCarloan" time="0.008"/>
  <testcase classname="Tests.day3" name="MobileSignHomeloan" time="0.0">
    <ignored/>
  </testcase> <!-- MobileSignHomeloan -->
  <testcase classname="Tests.day2" name="ploan" time="0.0">
    <ignored/>
  </testcase> <!-- ploan -->
  <testcase classname="Tests.day4" name="MobilelogingCarloan" time="0.0">
    <ignored/>
  </testcase> <!-- MobilelogingCarloan -->
</testsuite> <!-- Regression -->
