<?xml version="1.0" encoding="UTF-8"?>
<!-- Generated by org.testng.reporters.JUnitXMLReporter -->
<testsuite ignored="1" hostname="DESKTOP-T78C1PS" failures="0" tests="4" name="Car loan" time="0.299" errors="0" timestamp="2026-02-01T16:15:47 IST">
  <testcase classname="Tests.day4" name="MobileSignINCarloan" time="0.019"/>
  <testcase classname="Tests.day4" name="MobileSignoutCarloan" time="0.022"/>
  <testcase classname="Tests.day4" name="MobilelogingCarloan" time="0.009"/>
  <testcase classname="Tests.day4" name="weblogingCarloan" time="0.013"/>
  <testcase classname="Tests.day4" name="APIlogingCarloan" time="0.0">
    <ignored/>
  </testcase> <!-- APIlogingCarloan -->
</testsuite> <!-- Car loan -->
