<?xml version="1.0" encoding="UTF-8"?>
<!-- Generated by org.testng.reporters.JUnitXMLReporter -->
<testsuite ignored="1" hostname="DESKTOP-T78C1PS" failures="1" tests="9" name="Personal Loan" time="0.549" errors="0" timestamp="2026-02-01T16:15:47 IST">
  <testcase classname="Tests.day1" name="demo" time="0.016"/>
  <testcase classname="Tests.day2" name="ploan" time="0.02"/>
  <testcase classname="Tests.day3" name="MobilelogingHomeloan" time="0.009"/>
  <testcase classname="Tests.day3" name="webloginHomeloan" time="0.054"/>
  <testcase classname="Tests.day3" name="MobileSignHomeloan" time="0.003"/>
  <testcase classname="Tests.day3" name="MobileSignHomeloan" time="0.007"/>
  <testcase classname="Tests.day3" name="MobileSignHomeloan" time="0.003"/>
  <testcase classname="Tests.day3" name="lastexecution" time="0.037">
    <failure type="java.lang.AssertionError" message="expected [true] but found [false]">
      <![CDATA[java.lang.AssertionError: expected [true] but found [false]
at Tests.day3.lastexecution(day3.java:93)
at java.base/java.util.ArrayList.forEach(ArrayList.java:1511)
at java.base/java.util.concurrent.FutureTask.run(FutureTask.java:317)
at java.base/java.util.concurrent.ThreadPoolExecutor.runWorker(ThreadPoolExecutor.java:1144)
at java.base/java.util.concurrent.ThreadPoolExecutor$Worker.run(ThreadPoolExecutor.java:642)
at java.base/java.lang.Thread.run(Thread.java:1589)
... Removed 19 stack frames]]>
    </failure>
  </testcase> <!-- lastexecution -->
  <testcase classname="Tests.day3" name="APIlogingHomeloan" time="0.015"/>
  <testcase classname="Tests.day1" name="secondTestcases" time="0.0">
    <ignored/>
  </testcase> <!-- secondTestcases -->
</testsuite> <!-- Personal Loan -->
