<?xml version="1.0" encoding="UTF-8"?>
<testng-results ignored="0" total="2" passed="2" failed="0" skipped="0">
  <reporter-output>
  </reporter-output>
  <suite started-at="2026-02-08T08:24:49 IST" name="Default suite" finished-at="2026-02-08T08:24:49 IST" duration-ms="118">
    <groups>
    </groups>
    <test started-at="2026-02-08T08:24:49 IST" name="Default test" finished-at="2026-02-08T08:24:49 IST" duration-ms="118">
      <class name="Tests.day1">
        <test-method signature="demo()[pri:0, instance:Tests.day1@1b7cc17c]" started-at="2026-02-08T08:24:49 IST" name="demo" finished-at="2026-02-08T08:24:49 IST" duration-ms="28" status="PASS">
          <reporter-output>
          </reporter-output>
        </test-method> <!-- demo -->
        <test-method signature="secondTestcases()[pri:0, instance:Tests.day1@1b7cc17c]" started-at="2026-02-08T08:24:49 IST" name="secondTestcases" finished-at="2026-02-08T08:24:49 IST" duration-ms="3" status="PASS">
          <reporter-output>
          </reporter-output>
        </test-method> <!-- secondTestcases -->
        <test-method is-config="true" signature="AFSuite()[pri:0, instance:Tests.day1@1b7cc17c]" started-at="2026-02-08T08:24:49 IST" name="AFSuite" finished-at="2026-02-08T08:24:49 IST" duration-ms="9" status="PASS">
          <reporter-output>
          </reporter-output>
        </test-method> <!-- AFSuite -->
      </class> <!-- Tests.day1 -->
    </test> <!-- Default test -->
  </suite> <!-- Default suite -->
</testng-results>
