<?xml version="1.0" encoding="UTF-8"?>
<testng-results ignored="0" total="13" passed="12" failed="1" skipped="0">
  <reporter-output>
  </reporter-output>
  <suite started-at="2026-02-01T16:15:47 IST" name="Loan Department" finished-at="2026-02-01T16:15:47 IST" duration-ms="549">
    <groups>
      <group name="smoke">
        <method signature="day2.ploan()[pri:0, instance:Tests.day2@7b2bbc3]" name="ploan" class="Tests.day2"/>
        <method signature="day4.MobilelogingCarloan()[pri:0, instance:Tests.day4@139982de]" name="MobilelogingCarloan" class="Tests.day4"/>
      </group> <!-- smoke -->
    </groups>
    <test started-at="2026-02-01T16:15:47 IST" name="Personal Loan" finished-at="2026-02-01T16:15:47 IST" duration-ms="549">
      <class name="Tests.day3">
        <test-method is-config="true" signature="beforeclass()[pri:0, instance:Tests.day3@47eaca72]" started-at="2026-02-01T16:15:47 IST" name="beforeclass" finished-at="2026-02-01T16:15:47 IST" duration-ms="2" status="PASS">
          <reporter-output>
          </reporter-output>
        </test-method> <!-- beforeclass -->
        <test-method signature="MobilelogingHomeloan()[pri:0, instance:Tests.day3@47eaca72]" started-at="2026-02-01T16:15:47 IST" name="MobilelogingHomeloan" finished-at="2026-02-01T16:15:47 IST" duration-ms="9" status="PASS">
          <reporter-output>
          </reporter-output>
        </test-method> <!-- MobilelogingHomeloan -->
        <test-method signature="webloginHomeloan(java.lang.String,java.lang.String)[pri:0, instance:Tests.day3@47eaca72]" started-at="2026-02-01T16:15:47 IST" name="webloginHomeloan" finished-at="2026-02-01T16:15:47 IST" duration-ms="54" status="PASS">
          <params>
            <param index="0">
              <value>
                <![CDATA[qaclickacadamy.com]]>
              </value>
            </param>
            <param index="1">
              <value>
                <![CDATA[123456]]>
              </value>
            </param>
          </params>
          <reporter-output>
          </reporter-output>
        </test-method> <!-- webloginHomeloan -->
        <test-method signature="MobileSignHomeloan(java.lang.String,java.lang.String)[pri:0, instance:Tests.day3@47eaca72]" started-at="2026-02-01T16:15:47 IST" name="MobileSignHomeloan" data-provider="getData" finished-at="2026-02-01T16:15:47 IST" duration-ms="3" status="PASS">
          <params>
            <param index="0">
              <value>
                <![CDATA[firstsetusername]]>
              </value>
            </param>
            <param index="1">
              <value>
                <![CDATA[firstpassword]]>
              </value>
            </param>
          </params>
          <reporter-output>
          </reporter-output>
        </test-method> <!-- MobileSignHomeloan -->
        <test-method signature="MobileSignHomeloan(java.lang.String,java.lang.String)[pri:0, instance:Tests.day3@47eaca72]" started-at="2026-02-01T16:15:47 IST" name="MobileSignHomeloan" data-provider="getData" finished-at="2026-02-01T16:15:47 IST" duration-ms="7" status="PASS">
          <params>
            <param index="0">
              <value>
                <![CDATA[secondusername]]>
              </value>
            </param>
            <param index="1">
              <value>
                <![CDATA[secondpassword]]>
              </value>
            </param>
          </params>
          <reporter-output>
          </reporter-output>
        </test-method> <!-- MobileSignHomeloan -->
        <test-method signature="MobileSignHomeloan(java.lang.String,java.lang.String)[pri:0, instance:Tests.day3@47eaca72]" started-at="2026-02-01T16:15:47 IST" name="MobileSignHomeloan" data-provider="getData" finished-at="2026-02-01T16:15:47 IST" duration-ms="3" status="PASS">
          <params>
            <param index="0">
              <value>
                <![CDATA[thirdusername]]>
              </value>
            </param>
            <param index="1">
              <value>
                <![CDATA[Thirdpassword]]>
              </value>
            </param>
          </params>
          <reporter-output>
          </reporter-output>
        </test-method> <!-- MobileSignHomeloan -->
        <test-method signature="lastexecution()[pri:0, instance:Tests.day3@47eaca72]" started-at="2026-02-01T16:15:47 IST" name="lastexecution" finished-at="2026-02-01T16:15:47 IST" duration-ms="37" status="FAIL">
          <exception class="java.lang.AssertionError">
            <message>
              <![CDATA[expected [true] but found [false]]]>
            </message>
            <full-stacktrace>
              <![CDATA[java.lang.AssertionError: expected [true] but found [false]
at org.testng.Assert.fail(Assert.java:111)
at org.testng.Assert.failNotEquals(Assert.java:1578)
at org.testng.Assert.assertTrue(Assert.java:57)
at org.testng.Assert.assertTrue(Assert.java:67)
at Tests.day3.lastexecution(day3.java:93)
at java.base/jdk.internal.reflect.DirectMethodHandleAccessor.invoke(DirectMethodHandleAccessor.java:104)
at java.base/java.lang.reflect.Method.invoke(Method.java:578)
at org.testng.internal.invokers.MethodInvocationHelper.invokeMethod(MethodInvocationHelper.java:139)
at org.testng.internal.invokers.TestInvoker.invokeMethod(TestInvoker.java:664)
at org.testng.internal.invokers.TestInvoker.invokeTestMethod(TestInvoker.java:228)
at org.testng.internal.invokers.MethodRunner.runInSequence(MethodRunner.java:63)
at org.testng.internal.invokers.TestInvoker$MethodInvocationAgent.invoke(TestInvoker.java:961)
at org.testng.internal.invokers.TestInvoker.invokeTestMethods(TestInvoker.java:201)
at org.testng.internal.invokers.TestMethodWorker.invokeTestMethods(TestMethodWorker.java:148)
at org.testng.internal.invokers.TestMethodWorker.run(TestMethodWorker.java:128)
at java.base/java.util.ArrayList.forEach(ArrayList.java:1511)
at org.testng.TestRunner.privateRun(TestRunner.java:819)
at org.testng.TestRunner.run(TestRunner.java:619)
at org.testng.SuiteRunner.runTest(SuiteRunner.java:443)
at org.testng.SuiteRunner$SuiteWorker.run(SuiteRunner.java:481)
at org.testng.internal.thread.ThreadUtil.lambda$execute$0(ThreadUtil.java:58)
at java.base/java.util.concurrent.FutureTask.run(FutureTask.java:317)
at java.base/java.util.concurrent.ThreadPoolExecutor.runWorker(ThreadPoolExecutor.java:1144)
at java.base/java.util.concurrent.ThreadPoolExecutor$Worker.run(ThreadPoolExecutor.java:642)
at java.base/java.lang.Thread.run(Thread.java:1589)
]]>
            </full-stacktrace>
          </exception> <!-- java.lang.AssertionError -->
          <reporter-output>
          </reporter-output>
        </test-method> <!-- lastexecution -->
        <test-method signature="APIlogingHomeloan()[pri:0, instance:Tests.day3@47eaca72]" started-at="2026-02-01T16:15:47 IST" name="APIlogingHomeloan" finished-at="2026-02-01T16:15:47 IST" depends-on-methods="Tests.day3.MobilelogingHomeloan, Tests.day3.webloginHomeloan" duration-ms="15" status="PASS">
          <reporter-output>
          </reporter-output>
        </test-method> <!-- APIlogingHomeloan -->
      </class> <!-- Tests.day3 -->
      <class name="Tests.day2">
        <test-method signature="ploan()[pri:0, instance:Tests.day2@7b2bbc3]" started-at="2026-02-01T16:15:47 IST" name="ploan" finished-at="2026-02-01T16:15:47 IST" duration-ms="20" status="PASS">
          <reporter-output>
          </reporter-output>
        </test-method> <!-- ploan -->
        <test-method is-config="true" signature="lastexecution()[pri:0, instance:Tests.day2@7b2bbc3]" started-at="2026-02-01T16:15:47 IST" name="lastexecution" finished-at="2026-02-01T16:15:47 IST" duration-ms="1" status="PASS">
          <reporter-output>
          </reporter-output>
        </test-method> <!-- lastexecution -->
      </class> <!-- Tests.day2 -->
      <class name="Tests.day1">
        <test-method signature="demo()[pri:0, instance:Tests.day1@459e9125]" started-at="2026-02-01T16:15:47 IST" name="demo" finished-at="2026-02-01T16:15:47 IST" duration-ms="16" status="PASS">
          <reporter-output>
          </reporter-output>
        </test-method> <!-- demo -->
      </class> <!-- Tests.day1 -->
    </test> <!-- Personal Loan -->
    <test started-at="2026-02-01T16:15:47 IST" name="Car loan" finished-at="2026-02-01T16:15:47 IST" duration-ms="299">
      <class name="Tests.day4">
        <test-method is-config="true" signature="BM()[pri:0, instance:Tests.day4@139982de]" started-at="2026-02-01T16:15:47 IST" name="BM" finished-at="2026-02-01T16:15:47 IST" duration-ms="1" status="PASS">
          <reporter-output>
          </reporter-output>
        </test-method> <!-- BM -->
        <test-method signature="MobileSignINCarloan()[pri:0, instance:Tests.day4@139982de]" started-at="2026-02-01T16:15:47 IST" name="MobileSignINCarloan" finished-at="2026-02-01T16:15:47 IST" duration-ms="19" status="PASS">
          <reporter-output>
          </reporter-output>
        </test-method> <!-- MobileSignINCarloan -->
        <test-method is-config="true" signature="AM()[pri:0, instance:Tests.day4@139982de]" started-at="2026-02-01T16:15:47 IST" name="AM" finished-at="2026-02-01T16:15:47 IST" duration-ms="1" status="PASS">
          <reporter-output>
          </reporter-output>
        </test-method> <!-- AM -->
        <test-method is-config="true" signature="BM()[pri:0, instance:Tests.day4@139982de]" started-at="2026-02-01T16:15:47 IST" name="BM" finished-at="2026-02-01T16:15:47 IST" duration-ms="1" status="PASS">
          <reporter-output>
          </reporter-output>
        </test-method> <!-- BM -->
        <test-method signature="MobileSignoutCarloan()[pri:0, instance:Tests.day4@139982de]" started-at="2026-02-01T16:15:47 IST" name="MobileSignoutCarloan" finished-at="2026-02-01T16:15:47 IST" duration-ms="22" status="PASS">
          <reporter-output>
          </reporter-output>
        </test-method> <!-- MobileSignoutCarloan -->
        <test-method is-config="true" signature="AM()[pri:0, instance:Tests.day4@139982de]" started-at="2026-02-01T16:15:47 IST" name="AM" finished-at="2026-02-01T16:15:47 IST" duration-ms="1" status="PASS">
          <reporter-output>
          </reporter-output>
        </test-method> <!-- AM -->
        <test-method is-config="true" signature="BM()[pri:0, instance:Tests.day4@139982de]" started-at="2026-02-01T16:15:47 IST" name="BM" finished-at="2026-02-01T16:15:47 IST" duration-ms="8" status="PASS">
          <reporter-output>
          </reporter-output>
        </test-method> <!-- BM -->
        <test-method signature="MobilelogingCarloan()[pri:0, instance:Tests.day4@139982de]" started-at="2026-02-01T16:15:47 IST" name="MobilelogingCarloan" finished-at="2026-02-01T16:15:47 IST" duration-ms="9" status="PASS">
          <reporter-output>
          </reporter-output>
        </test-method> <!-- MobilelogingCarloan -->
        <test-method is-config="true" signature="AM()[pri:0, instance:Tests.day4@139982de]" started-at="2026-02-01T16:15:47 IST" name="AM" finished-at="2026-02-01T16:15:47 IST" duration-ms="1" status="PASS">
          <reporter-output>
          </reporter-output>
        </test-method> <!-- AM -->
        <test-method is-config="true" signature="BM()[pri:0, instance:Tests.day4@139982de]" started-at="2026-02-01T16:15:47 IST" name="BM" finished-at="2026-02-01T16:15:47 IST" duration-ms="3" status="PASS">
          <reporter-output>
          </reporter-output>
        </test-method> <!-- BM -->
        <test-method signature="weblogingCarloan(java.lang.String)[pri:0, instance:Tests.day4@139982de]" started-at="2026-02-01T16:15:47 IST" name="weblogingCarloan" finished-at="2026-02-01T16:15:47 IST" duration-ms="13" status="PASS">
          <params>
            <param index="0">
              <value>
                <![CDATA[qaclickacadamy.com]]>
              </value>
            </param>
          </params>
          <reporter-output>
          </reporter-output>
        </test-method> <!-- weblogingCarloan -->
        <test-method is-config="true" signature="AM()[pri:0, instance:Tests.day4@139982de]" started-at="2026-02-01T16:15:47 IST" name="AM" finished-at="2026-02-01T16:15:47 IST" duration-ms="1" status="PASS">
          <reporter-output>
          </reporter-output>
        </test-method> <!-- AM -->
      </class> <!-- Tests.day4 -->
      <class name="Tests.day3">
        <test-method is-config="true" signature="BFsuite()[pri:0, instance:Tests.day3@47eaca72]" started-at="2026-02-01T16:15:47 IST" name="BFsuite" finished-at="2026-02-01T16:15:47 IST" duration-ms="1" status="PASS">
          <reporter-output>
          </reporter-output>
        </test-method> <!-- BFsuite -->
      </class> <!-- Tests.day3 -->
      <class name="Tests.day2">
        <test-method is-config="true" signature="prerequisite()[pri:0, instance:Tests.day2@7b2bbc3]" started-at="2026-02-01T16:15:47 IST" name="prerequisite" finished-at="2026-02-01T16:15:47 IST" duration-ms="28" status="PASS">
          <reporter-output>
          </reporter-output>
        </test-method> <!-- prerequisite -->
      </class> <!-- Tests.day2 -->
      <class name="Tests.day1">
        <test-method is-config="true" signature="AFSuite()[pri:0, instance:Tests.day1@459e9125]" started-at="2026-02-01T16:15:48 IST" name="AFSuite" finished-at="2026-02-01T16:15:48 IST" duration-ms="1" status="PASS">
          <reporter-output>
          </reporter-output>
        </test-method> <!-- AFSuite -->
      </class> <!-- Tests.day1 -->
    </test> <!-- Car loan -->
  </suite> <!-- Loan Department -->
</testng-results>
