<?xml version="1.0" encoding="UTF-8"?>
<!-- Generated by org.testng.reporters.JUnitReportReporter -->
<testsuite hostname="DESKTOP-T78C1PS" failures="0" tests="4" name="Tests.day4" time="0.080" errors="0" timestamp="2026-02-01T16:15:48 IST" skipped="0">
  <testcase classname="Tests.day4" name="MobileSignoutCarloan" time="0.024"/>
  <testcase classname="Tests.day4" name="MobilelogingCarloan" time="0.013"/>
  <testcase classname="Tests.day4" name="weblogingCarloan" time="0.022"/>
  <testcase classname="Tests.day4" name="MobileSignINCarloan" time="0.021"/>
</testsuite> <!-- Tests.day4 -->
